
/home/runner/work/exp-brookfield-viscometer-iitk/exp-brookfield-viscometer-iitk/experiment/simulation/js/controls.js
  60:32  error  Parsing error: Invalid number

/home/runner/work/exp-brookfield-viscometer-iitk/exp-brookfield-viscometer-iitk/experiment/simulation/js/index.js
  5:7  warning  'bootstrap' is not defined  no-undef

/home/runner/work/exp-brookfield-viscometer-iitk/exp-brookfield-viscometer-iitk/experiment/simulation/js/knob_rotation.js
    4:7  warning  'power' is assigned a value but never used                no-unused-vars
    9:7  warning  'viscocity_value' is assigned a value but never used      no-unused-vars
   11:7  warning  'motor_switch_status' is assigned a value but never used  no-unused-vars
   12:7  warning  'percentage' is assigned a value but never used           no-unused-vars
   25:5  warning  'anti_deg_count' is assigned a value but never used       no-unused-vars
  123:8  warning  'power_switch' is not defined                             no-undef
  144:7  warning  Unexpected lexical declaration in case block              no-case-declarations
  148:7  warning  Unexpected lexical declaration in case block              no-case-declarations

/home/runner/work/exp-brookfield-viscometer-iitk/exp-brookfield-viscometer-iitk/experiment/simulation/js/motor.js
   5:7  warning  'power_supply' is assigned a value but never used  no-unused-vars
  10:8  warning  'power_switch' is not defined                      no-undef

/home/runner/work/exp-brookfield-viscometer-iitk/exp-brookfield-viscometer-iitk/experiment/simulation/script/project.js
    2:5   warning  'hmessage' is assigned a value but never used   no-unused-vars
   18:5   warning  'message' is assigned a value but never used    no-unused-vars
   36:5   warning  'startlab2' is assigned a value but never used  no-unused-vars
   40:5   warning  'stp13' is assigned a value but never used      no-unused-vars
   41:5   warning  'tablesdiv' is assigned a value but never used  no-unused-vars
   42:5   warning  'inftext' is assigned a value but never used    no-unused-vars
   43:5   warning  'stp23' is assigned a value but never used      no-unused-vars
   45:5   warning  'Set' is assigned a value but never used        no-unused-vars
   46:5   warning  'stp15' is assigned a value but never used      no-unused-vars
   48:5   warning  'stp32' is assigned a value but never used      no-unused-vars
   49:5   warning  'stp70' is assigned a value but never used      no-unused-vars
   54:10  warning  'start' is defined but never used               no-unused-vars
   62:9   warning  'wheighing' is not defined                      no-undef
   85:9   warning  'waterbath' is not defined                      no-undef
   97:9   warning  'latex_beaker' is not defined                   no-undef
  104:8   warning  'viscometer' is not defined                     no-undef
  106:8   warning  'motorOnOff' is not defined                     no-undef

/home/runner/work/exp-brookfield-viscometer-iitk/exp-brookfield-viscometer-iitk/experiment/simulation/script/step1.js
    1:7    warning  'weighingMachine' is assigned a value but never used      no-unused-vars
   17:7    warning  'water_beaker_120' is assigned a value but never used     no-unused-vars
   19:7    warning  'beaker_water' is assigned a value but never used         no-unused-vars
   28:7    warning  'onSwitchHolder3' is assigned a value but never used      no-unused-vars
   30:7    warning  'setOn3' is assigned a value but never used               no-unused-vars
   31:7    warning  'setButtonHolder3' is assigned a value but never used     no-unused-vars
   32:7    warning  'downOnSwitch3' is assigned a value but never used        no-unused-vars
   33:7    warning  'upOnSwitch3' is assigned a value but never used          no-unused-vars
   35:7    warning  'downSwitch3' is assigned a value but never used          no-unused-vars
   38:7    warning  'waterbath3' is assigned a value but never used           no-unused-vars
   45:7    warning  'tiltedsol13' is assigned a value but never used          no-unused-vars
   47:7    warning  'sampleTempDisplay13' is assigned a value but never used  no-unused-vars
   48:7    warning  'actualTempDisplay13' is assigned a value but never used  no-unused-vars
   57:7    warning  'beakerHolder' is assigned a value but never used         no-unused-vars
   60:7    warning  'upArrow' is assigned a value but never used              no-unused-vars
   67:7    warning  'viscometerStand' is assigned a value but never used      no-unused-vars
   73:5    warning  'changeins12' is assigned a value but never used          no-unused-vars
   74:5    warning  'changeins13' is assigned a value but never used          no-unused-vars
   82:5    warning  'changeins1' is assigned a value but never used           no-unused-vars
   83:5    warning  'changeins2' is assigned a value but never used           no-unused-vars
   84:5    warning  'changeins3' is assigned a value but never used           no-unused-vars
   85:5    warning  'changeins4' is assigned a value but never used           no-unused-vars
   86:5    warning  'changeins5' is assigned a value but never used           no-unused-vars
   87:5    warning  'changeins6' is assigned a value but never used           no-unused-vars
   88:5    warning  'changeins7' is assigned a value but never used           no-unused-vars
   89:5    warning  'changeins8' is assigned a value but never used           no-unused-vars
   90:5    warning  'changeins9' is assigned a value but never used           no-unused-vars
   91:5    warning  'changeins10' is assigned a value but never used          no-unused-vars
   92:5    warning  'changeins11' is assigned a value but never used          no-unused-vars
  102:9    warning  'f' is not defined                                        no-undef
  103:9    warning  'f' is not defined                                        no-undef
  110:6    warning  'ins' is not defined                                      no-undef
  124:20   warning  'ins' is not defined                                      no-undef
  129:27   warning  'ins' is not defined                                      no-undef
  177:47   warning  'ins' is not defined                                      no-undef
  183:52   warning  'ins' is not defined                                      no-undef
  244:119  warning  'ins' is not defined                                      no-undef
  245:118  warning  'f' is not defined                                        no-undef
  246:117  warning  'f' is not defined                                        no-undef
  253:136  warning  'f' is not defined                                        no-undef
  254:137  warning  'f' is not defined                                        no-undef
  255:140  warning  'f' is not defined                                        no-undef
  256:130  warning  'ins' is not defined                                      no-undef
  257:37   warning  'startbutton' is not defined                              no-undef
  258:37   warning  'startbutton' is not defined                              no-undef
  259:38   warning  'f' is not defined                                        no-undef
  322:31   warning  Unnecessary semicolon                                     no-extra-semi
  329:5    warning  'countdownInterval' is defined but never used             no-unused-vars
  348:10   warning  'waterbath' is defined but never used                     no-unused-vars
  349:3    warning  'f' is not defined                                        no-undef
  350:3    warning  'ins' is not defined                                      no-undef
  352:9    warning  'f' is not defined                                        no-undef
  353:9    warning  'f' is not defined                                        no-undef
  372:5    warning  'ins' is not defined                                      no-undef
  377:9    warning  'f' is not defined                                        no-undef
  380:9    warning  'ins' is not defined                                      no-undef
  385:13   warning  'f' is not defined                                        no-undef
  387:13   warning  'ins' is not defined                                      no-undef
  392:13   warning  'f' is not defined                                        no-undef
  435:13   warning  'ins' is not defined                                      no-undef
  436:19   warning  'ins' is not defined                                      no-undef
  445:5    warning  'f' is not defined                                        no-undef
  446:5    warning  'f' is not defined                                        no-undef
  451:19   warning  'f' is not defined                                        no-undef
  475:65   warning  'ins' is not defined                                      no-undef
  476:37   warning  'startbutton' is not defined                              no-undef
  477:37   warning  'startbutton' is not defined                              no-undef
  478:37   warning  'startbutton' is not defined                              no-undef
  479:37   warning  'f' is not defined                                        no-undef
  498:9    warning  'currentTemp' is assigned a value but never used          no-unused-vars
  499:11   warning  'targetTemp' is assigned a value but never used           no-unused-vars
  519:13   warning  'ins' is not defined                                      no-undef
  520:19   warning  'ins' is not defined                                      no-undef
  528:10   warning  'viscometer' is defined but never used                    no-unused-vars
  529:6    warning  'f' is not defined                                        no-undef
  530:4    warning  'f' is not defined                                        no-undef
  531:18   warning  'f' is not defined                                        no-undef
  545:25   warning  'ins' is not defined                                      no-undef
  548:31   warning  'f' is not defined                                        no-undef
  549:28   warning  'f' is not defined                                        no-undef
  561:32   warning  'ins' is not defined                                      no-undef
  571:35   warning  'ins' is not defined                                      no-undef
  573:7    warning  'f' is not defined                                        no-undef
  579:5    warning  'ins' is not defined                                      no-undef
  602:7    warning  'f' is not defined                                        no-undef
  605:9    warning  'ins' is not defined                                      no-undef
  611:11   warning  'f' is not defined                                        no-undef
  619:19   warning  'f' is not defined                                        no-undef
  620:7    warning  'f' is not defined                                        no-undef
  621:7    warning  'ins' is not defined                                      no-undef
  632:11   warning  'f' is not defined                                        no-undef
  633:9    warning  'f' is not defined                                        no-undef
  650:32   warning  'ins' is not defined                                      no-undef
  658:1    warning  'ins' is not defined                                      no-undef
  662:9    warning  'f' is not defined                                        no-undef
  663:9    warning  'f' is not defined                                        no-undef
  666:9    warning  'ins' is not defined                                      no-undef
  672:9    warning  'f' is not defined                                        no-undef
  681:13   warning  'ins' is not defined                                      no-undef
  688:9    warning  'f' is not defined                                        no-undef
  689:9    warning  'f' is not defined                                        no-undef
  693:9    warning  'ins' is not defined                                      no-undef
  700:40   warning  'f' is not defined                                        no-undef
  701:39   warning  'f' is not defined                                        no-undef
  712:50   warning  'ins' is not defined                                      no-undef
  721:71   warning  'ins' is not defined                                      no-undef
  739:33   warning  'ins' is not defined                                      no-undef
  741:7    warning  'f' is not defined                                        no-undef
  747:4    warning  'ins' is not defined                                      no-undef
  770:7    warning  'f' is not defined                                        no-undef
  773:9    warning  'ins' is not defined                                      no-undef
  778:11   warning  'f' is not defined                                        no-undef
  786:19   warning  'f' is not defined                                        no-undef
  787:7    warning  'ins' is not defined                                      no-undef
  789:7    warning  'f' is not defined                                        no-undef
  797:5    warning  'ins' is not defined                                      no-undef
  848:10   warning  'moveViscoGroupDown' is defined but never used            no-unused-vars

✖ 146 problems (1 error, 145 warnings)
  0 errors and 1 warning potentially fixable with the `--fix` option.

